0 info it worked if it ends with ok
1 verbose cli [ '/home/francisco/.nvm/versions/node/v7.7.4/bin/node',
1 verbose cli   '/home/francisco/.nvm/versions/node/v7.7.4/bin/npm',
1 verbose cli   'start' ]
2 info using npm@4.1.2
3 info using node@v7.7.4
4 verbose run-script [ 'prestart', 'start', 'poststart' ]
5 info lifecycle rob@1.0.0~prestart: rob@1.0.0
6 silly lifecycle rob@1.0.0~prestart: no script for prestart, continuing
7 info lifecycle rob@1.0.0~start: rob@1.0.0
8 verbose lifecycle rob@1.0.0~start: unsafe-perm in lifecycle true
9 verbose lifecycle rob@1.0.0~start: PATH: /home/francisco/.nvm/versions/node/v7.7.4/lib/node_modules/npm/bin/node-gyp-bin:/home/francisco/projects/rob/node_modules/.bin:/home/francisco/.rbenv/plugins/ruby-build/bin:/home/francisco/.rbenv/shims:/home/francisco/.rbenv/bin:/usr/local/heroku/bin:/home/francisco/.nvm/versions/node/v7.7.4/bin:/usr/local/sbin:/usr/local/bin:/usr/sbin:/usr/bin:/sbin:/bin:/usr/games:/usr/local/games:/snap/bin
10 verbose lifecycle rob@1.0.0~start: CWD: /home/francisco/projects/rob
11 silly lifecycle rob@1.0.0~start: Args: [ '-c', 'git pull && node index.js' ]
12 silly lifecycle rob@1.0.0~start: Returned: code: 1  signal: null
13 info lifecycle rob@1.0.0~start: Failed to exec start script
14 verbose stack Error: rob@1.0.0 start: `git pull && node index.js`
14 verbose stack Exit status 1
14 verbose stack     at EventEmitter.<anonymous> (/home/francisco/.nvm/versions/node/v7.7.4/lib/node_modules/npm/lib/utils/lifecycle.js:279:16)
14 verbose stack     at emitTwo (events.js:106:13)
14 verbose stack     at EventEmitter.emit (events.js:194:7)
14 verbose stack     at ChildProcess.<anonymous> (/home/francisco/.nvm/versions/node/v7.7.4/lib/node_modules/npm/lib/utils/spawn.js:40:14)
14 verbose stack     at emitTwo (events.js:106:13)
14 verbose stack     at ChildProcess.emit (events.js:194:7)
14 verbose stack     at maybeClose (internal/child_process.js:899:16)
14 verbose stack     at Process.ChildProcess._handle.onexit (internal/child_process.js:226:5)
15 verbose pkgid rob@1.0.0
16 verbose cwd /home/francisco/projects/rob
17 error Linux 4.4.0-75-generic
18 error argv "/home/francisco/.nvm/versions/node/v7.7.4/bin/node" "/home/francisco/.nvm/versions/node/v7.7.4/bin/npm" "start"
19 error node v7.7.4
20 error npm  v4.1.2
21 error code ELIFECYCLE
22 error rob@1.0.0 start: `git pull && node index.js`
22 error Exit status 1
23 error Failed at the rob@1.0.0 start script 'git pull && node index.js'.
23 error Make sure you have the latest version of node.js and npm installed.
23 error If you do, this is most likely a problem with the rob package,
23 error not with npm itself.
23 error Tell the author that this fails on your system:
23 error     git pull && node index.js
23 error You can get information on how to open an issue for this project with:
23 error     npm bugs rob
23 error Or if that isn't available, you can get their info via:
23 error     npm owner ls rob
23 error There is likely additional logging output above.
24 verbose exit [ 1, true ]
